timestamp: 2012-05-04T19:56:48.046997
CREATE TABLE auth_user(
    id INTEGER PRIMARY KEY AUTOINCREMENT,
    first_name CHAR(128),
    last_name CHAR(128),
    email CHAR(512),
    password CHAR(512),
    registration_key CHAR(512),
    reset_password_key CHAR(512),
    registration_id CHAR(512)
);
success!
timestamp: 2012-05-04T19:56:48.050514
CREATE TABLE auth_group(
    id INTEGER PRIMARY KEY AUTOINCREMENT,
    role CHAR(512),
    description TEXT
);
success!
timestamp: 2012-05-04T19:56:48.053815
CREATE TABLE auth_membership(
    id INTEGER PRIMARY KEY AUTOINCREMENT,
    user_id INTEGER REFERENCES auth_user(id) ON DELETE CASCADE,
    group_id INTEGER REFERENCES auth_group(id) ON DELETE CASCADE
);
success!
timestamp: 2012-05-04T19:56:48.057761
CREATE TABLE auth_permission(
    id INTEGER PRIMARY KEY AUTOINCREMENT,
    group_id INTEGER REFERENCES auth_group(id) ON DELETE CASCADE,
    name CHAR(512),
    table_name CHAR(512),
    record_id INTEGER
);
success!
timestamp: 2012-05-04T19:56:48.061738
CREATE TABLE auth_event(
    id INTEGER PRIMARY KEY AUTOINCREMENT,
    time_stamp TIMESTAMP,
    client_ip CHAR(512),
    user_id INTEGER REFERENCES auth_user(id) ON DELETE CASCADE,
    origin CHAR(512),
    description TEXT
);
success!
timestamp: 2012-05-04T19:56:48.065001
CREATE TABLE auth_cas(
    id INTEGER PRIMARY KEY AUTOINCREMENT,
    user_id INTEGER REFERENCES auth_user(id) ON DELETE CASCADE,
    created_on TIMESTAMP,
    service CHAR(512),
    ticket CHAR(512),
    renew CHAR(1)
);
success!
timestamp: 2012-05-04T19:56:48.067440
CREATE TABLE Units(
    id INTEGER PRIMARY KEY AUTOINCREMENT,
    name CHAR(512),
    link CHAR(512)
);
success!
timestamp: 2012-05-04T20:12:11.967831
ALTER TABLE Units ADD race CHAR(512);
timestamp: 2012-05-04T20:21:41.738447
CREATE TABLE Units(
    id INTEGER PRIMARY KEY AUTOINCREMENT,
    name CHAR(512),
    link CHAR(512),
    race CHAR(512)
);
timestamp: 2012-05-04T20:23:39.946839
CREATE TABLE Unit(
    id INTEGER PRIMARY KEY AUTOINCREMENT,
    name CHAR(512),
    link CHAR(512),
    race CHAR(512)
);
success!
timestamp: 2012-05-07T19:39:51.880193
CREATE TABLE Build(
    id INTEGER PRIMARY KEY AUTOINCREMENT,
    name CHAR(512),
    userid INTEGER,
    unitList CHAR(512),
    supplyList CHAR(512)
);
success!
