timestamp: 2013-04-18T12:23:37.473823
CREATE TABLE auth_user(
    id INTEGER PRIMARY KEY AUTOINCREMENT,
    first_name CHAR(128),
    last_name CHAR(128),
    email CHAR(128) UNIQUE,
    password CHAR(512),
    phone CHAR(512),
    registration_key CHAR(512),
    reset_password_key CHAR(512),
    registration_id CHAR(512),
    role CHAR(512),
    projects TEXT
);
success!
timestamp: 2013-04-18T12:23:37.498065
CREATE TABLE auth_group(
    id INTEGER PRIMARY KEY AUTOINCREMENT,
    role CHAR(512),
    description TEXT
);
success!
timestamp: 2013-04-18T12:23:37.500932
CREATE TABLE auth_membership(
    id INTEGER PRIMARY KEY AUTOINCREMENT,
    user_id INTEGER REFERENCES auth_user(id) ON DELETE CASCADE,
    group_id INTEGER REFERENCES auth_group(id) ON DELETE CASCADE
);
success!
timestamp: 2013-04-18T12:23:37.504027
CREATE TABLE auth_permission(
    id INTEGER PRIMARY KEY AUTOINCREMENT,
    group_id INTEGER REFERENCES auth_group(id) ON DELETE CASCADE,
    name CHAR(512),
    table_name CHAR(512),
    record_id INTEGER
);
success!
timestamp: 2013-04-18T12:23:37.507293
CREATE TABLE auth_event(
    id INTEGER PRIMARY KEY AUTOINCREMENT,
    time_stamp TIMESTAMP,
    client_ip CHAR(512),
    user_id INTEGER REFERENCES auth_user(id) ON DELETE CASCADE,
    origin CHAR(512),
    description TEXT
);
success!
timestamp: 2013-04-18T12:23:37.510494
CREATE TABLE auth_cas(
    id INTEGER PRIMARY KEY AUTOINCREMENT,
    user_id INTEGER REFERENCES auth_user(id) ON DELETE CASCADE,
    created_on TIMESTAMP,
    service CHAR(512),
    ticket CHAR(512),
    renew CHAR(1)
);
success!
timestamp: 2013-04-18T12:23:37.518041
CREATE TABLE Project(
    id INTEGER PRIMARY KEY AUTOINCREMENT,
    projNum INTEGER,
    name CHAR(512),
    owner CHAR(512),
    openDate DATE,
    closedDate DATE,
    archived CHAR(1)
);
success!
timestamp: 2013-04-18T12:23:37.523648
CREATE TABLE NewsFeed(
    id INTEGER PRIMARY KEY AUTOINCREMENT,
    projectNum CHAR(512),
    type CHAR(512),
    created_on TIMESTAMP,
    description TEXT,
    creator CHAR(512)
);
success!
timestamp: 2013-04-18T12:23:37.527690
CREATE TABLE CCD(
    id INTEGER PRIMARY KEY AUTOINCREMENT,
    ccdNum CHAR(512),
    projectNum CHAR(512),
    file CHAR(512)
);
success!
timestamp: 2013-04-18T12:23:37.533544
CREATE TABLE Submittal(
    id INTEGER PRIMARY KEY AUTOINCREMENT,
    statusFlag CHAR(512),
    projectNum CHAR(512),
    assignedTo CHAR(512),
    submittal CHAR(512),
    subType CHAR(512),
    sectNum INTEGER
);
success!
timestamp: 2013-04-18T12:23:37.539087
CREATE TABLE RFI(
    id INTEGER PRIMARY KEY AUTOINCREMENT,
    rfiNum CHAR(512),
    requestBy CHAR(512),
    dateSent DATE,
    reqRefTo CHAR(512),
    drawingNum INTEGER,
    detailNum INTEGER,
    specSection INTEGER,
    sheetName CHAR(512),
    grids CHAR(512),
    sectionPage INTEGER,
    description TEXT,
    suggestion TEXT,
    reply TEXT,
    responseBy DATE,
    responseDate DATE,
    statusFlag CHAR(512),
    projectNum CHAR(512),
    projectName CHAR(512),
    owner CHAR(512)
);
success!
timestamp: 2013-04-18T12:23:37.542656
CREATE TABLE ProposalRequest(
    id INTEGER PRIMARY KEY AUTOINCREMENT,
    reqNum CHAR(512),
    amendNum CHAR(512),
    projectNum CHAR(512),
    subject TEXT,
    propDate DATE,
    sentTo CHAR(512),
    cc CHAR(512),
    description TEXT,
    statusFlag CHAR(512),
    creator INTEGER,
    projectName CHAR(512),
    owner CHAR(512)
);
success!
timestamp: 2013-04-18T12:23:37.545323
CREATE TABLE Proposal(
    id INTEGER PRIMARY KEY AUTOINCREMENT,
    propNum INTEGER,
    propReqRef INTEGER,
    propDate DATE,
    file CHAR(512),
    projectNum CHAR(512)
);
success!
timestamp: 2013-04-18T12:23:37.567884
CREATE TABLE MeetingMinutes(
    id INTEGER PRIMARY KEY AUTOINCREMENT,
    projectNum CHAR(512),
    meetDate DATE,
    file CHAR(512)
);
success!
timestamp: 2013-04-18T12:23:37.570405
CREATE TABLE PhotoToken(
    id INTEGER PRIMARY KEY AUTOINCREMENT,
    token CHAR(512)
);
success!
timestamp: 2013-04-18T12:23:37.573134
CREATE TABLE Photos(
    id INTEGER PRIMARY KEY AUTOINCREMENT,
    projectNum CHAR(512),
    flickrURL CHAR(512),
    title CHAR(512),
    description TEXT,
    photo CHAR(512)
);
success!
